<?xml version="1.0"?>
<testsuites tests="3" disabled="0" errors="0" failures="1" name="" time=".830539" >
<testsuite tests="3" id="1" package="plex"  disabled="0" errors="0" failures="1" name="plex" time=".829945" >
<testsuite tests="2" id="2" package="plex.ut_plparse_ast_registry"  disabled="0" errors="0" failures="1" name="plparse_AST_Registry" time=".753755" >
<testcase classname="plex.ut_plparse_ast_registry" assertions="4" name="register registers" time=".673701" >
<system-out/>
<system-err/>
</testcase>
<testcase classname="plex.ut_plparse_ast_registry" assertions="2" name="unregister unregisters" time=".046264"  status="Failure">
<failure>
Actual: -1403 was expected to equal: -20000
ORA-01403: no data found
ORA-06512: at &quot;PLPARSE_000100.PLPARSE_AST_REGISTRY&quot;, line 30
ORA-06512: at &quot;PLPARSE_000100.UT_PLPARSE_AST_REGISTRY&quot;, line 56
ORA-06512: at &quot;PLPARSE_000100.PLPARSE_AST_REGISTRY&quot;, line 30
ORA-06512: at &quot;PLPARSE_000100.UT_PLPARSE_AST_REGISTRY&quot;, line 56
ORA-06512: at line 6
</failure>
<system-out/>
<system-err/>
</testcase>
<system-out/>
<system-err/>
</testsuite>
<testsuite tests="1" id="3" package="plex.ut_plparse_ast"  disabled="0" errors="0" failures="0" name="plparse_AST" time=".0598" >
<testcase classname="plex.ut_plparse_ast" assertions="1" name="toString correctly appends children toStrings" time=".058625" >
<system-out/>
<system-err/>
</testcase>
<system-out/>
<system-err/>
</testsuite>
</testsuite>
</testsuites>
